<?xml version="1.0" encoding="UTF-8"?>
<testsuite name="in.ravikalla.cloudBank.BDDTest" time="0.208" tests="104" errors="0" skipped="0" failures="0">
  <properties>
[...]
</properties>
  <testcase name="Given Common user logged in" classname="| 1700.00 | 1000 | 500 | 2200.00 |" time="0.002"/>
  <testcase name="And Initial balance in Checkings account is 1700.00" classname="| 1700.00 | 1000 | 500 | 2200.00 |" time="0"/>
  <testcase name="When Deposit money of 1000 dollars in CheckingsAccount" classname="| 1700.00 | 1000 | 500 | 2200.00 |" time="0"/>
  <testcase name="And Withdraw money of 500 dollars from CheckingsAccount" classname="| 1700.00 | 1000 | 500 | 2200.00 |" time="0"/>
  <testcase name="Then Check remaining amount 2200.00 dollars in CheckingsAccount" classname="| 1700.00 | 1000 | 500 | 2200.00 |" time="0"/>
  <testcase name="| 1700.00 | 1000 | 500 | 2200.00 |" classname="| 1700.00 | 1000 | 500 | 2200.00 |" time="0.003"/>
  <testcase name="Given Common user logged in" classname="| 2200.00 | 1000000 | 0 | 1002200.00 |" time="0"/>
  <testcase name="And Initial balance in Checkings account is 2200.00" classname="| 2200.00 | 1000000 | 0 | 1002200.00 |" time="0"/>
  <testcase name="When Deposit money of 1000000 dollars in CheckingsAccount" classname="| 2200.00 | 1000000 | 0 | 1002200.00 |" time="0.001"/>
  <testcase name="And Withdraw money of 0 dollars from CheckingsAccount" classname="| 2200.00 | 1000000 | 0 | 1002200.00 |" time="0.001"/>
  <testcase name="Then Check remaining amount 1002200.00 dollars in CheckingsAccount" classname="| 2200.00 | 1000000 | 0 | 1002200.00 |" time="0"/>
  <testcase name="| 2200.00 | 1000000 | 0 | 1002200.00 |" classname="| 2200.00 | 1000000 | 0 | 1002200.00 |" time="0.002"/>
  <testcase name="Given Common user logged in" classname="| 1002200.00 | 1000 | 5000 | 998200.00 |" time="0"/>
  <testcase name="And Initial balance in Checkings account is 1002200.00" classname="| 1002200.00 | 1000 | 5000 | 998200.00 |" time="0"/>
  <testcase name="When Deposit money of 1000 dollars in CheckingsAccount" classname="| 1002200.00 | 1000 | 5000 | 998200.00 |" time="0"/>
  <testcase name="And Withdraw money of 5000 dollars from CheckingsAccount" classname="| 1002200.00 | 1000 | 5000 | 998200.00 |" time="0"/>
  <testcase name="Then Check remaining amount 998200.00 dollars in CheckingsAccount" classname="| 1002200.00 | 1000 | 5000 | 998200.00 |" time="0"/>
  <testcase name="| 1002200.00 | 1000 | 5000 | 998200.00 |" classname="| 1002200.00 | 1000 | 5000 | 998200.00 |" time="0"/>
  <testcase name="Given Common user logged in" classname="| 998200.00 | 0 | 998200.00 | 0.00 |" time="0"/>
  <testcase name="And Initial balance in Checkings account is 998200.00" classname="| 998200.00 | 0 | 998200.00 | 0.00 |" time="0"/>
  <testcase name="When Deposit money of 0 dollars in CheckingsAccount" classname="| 998200.00 | 0 | 998200.00 | 0.00 |" time="0"/>
  <testcase name="And Withdraw money of 998200.00 dollars from CheckingsAccount" classname="| 998200.00 | 0 | 998200.00 | 0.00 |" time="0"/>
  <testcase name="Then Check remaining amount 0.00 dollars in CheckingsAccount" classname="| 998200.00 | 0 | 998200.00 | 0.00 |" time="0.001"/>
  <testcase name="| 998200.00 | 0 | 998200.00 | 0.00 |" classname="| 998200.00 | 0 | 998200.00 | 0.00 |" time="0.001"/>
  <testcase name="Given Common user logged in" classname="| 0.00 | 500 | -500.00 |" time="0"/>
  <testcase name="And Initial balance in Checkings account is 0.00" classname="| 0.00 | 500 | -500.00 |" time="0.015"/>
  <testcase name="And Withdraw money of 500 dollars from CheckingsAccount" classname="| 0.00 | 500 | -500.00 |" time="0"/>
  <testcase name="Then Check remaining amount -500.00 dollars in CheckingsAccount" classname="| 0.00 | 500 | -500.00 |" time="0"/>
  <testcase name="| 0.00 | 500 | -500.00 |" classname="| 0.00 | 500 | -500.00 |" time="0.016"/>
  <testcase name="| 0.00 | 500 | -500.00 |" classname="| 0.00 | 500 | -500.00 |" time="0.006"/>
  <testcase name="Given Common user logged in" classname="| -500.00 | 1000 | 500.00 | 0.00 |" time="0"/>
  <testcase name="And Initial balance in Checkings account is -500.00" classname="| -500.00 | 1000 | 500.00 | 0.00 |" time="0"/>
  <testcase name="When Deposit money of 1000 dollars in CheckingsAccount" classname="| -500.00 | 1000 | 500.00 | 0.00 |" time="0"/>
  <testcase name="Then Check remaining amount 500.00 dollars in CheckingsAccount" classname="| -500.00 | 1000 | 500.00 | 0.00 |" time="0.001"/>
  <testcase name="And Withdraw money of 0.00 dollars from CheckingsAccount" classname="| -500.00 | 1000 | 500.00 | 0.00 |" time="0"/>
  <testcase name="| -500.00 | 1000 | 500.00 | 0.00 |" classname="| -500.00 | 1000 | 500.00 | 0.00 |" time="0.026"/>
  <testcase name="| -500.00 | 1000 | 500.00 | 0.00 |" classname="| -500.00 | 1000 | 500.00 | 0.00 |" time="0.005"/>
  <testcase name="Given Common user logged in" classname="| 500.00 | 1000000000000000 | 1000000000000500.00 | 1000000000000500.00 |" time="0"/>
  <testcase name="And Initial balance in Checkings account is 500.00" classname="| 500.00 | 1000000000000000 | 1000000000000500.00 | 1000000000000500.00 |" time="0.004"/>
  <testcase name="When Deposit money of 1000000000000000 dollars in CheckingsAccount" classname="| 500.00 | 1000000000000000 | 1000000000000500.00 | 1000000000000500.00 |" time="0"/>
  <testcase name="Then Check remaining amount 1000000000000500.00 dollars in CheckingsAccount" classname="| 500.00 | 1000000000000000 | 1000000000000500.00 | 1000000000000500.00 |" time="0"/>
  <testcase name="And Withdraw money of 1000000000000500.00 dollars from CheckingsAccount" classname="| 500.00 | 1000000000000000 | 1000000000000500.00 | 1000000000000500.00 |" time="0.01"/>
  <testcase name="| 500.00 | 1000000000000000 | 1000000000000500.00 | 1000000000000500.00 |" classname="| 500.00 | 1000000000000000 | 1000000000000500.00 | 1000000000000500.00 |" time="0.013"/>
  <testcase name="| 500.00 | 1000000000000000 | 1000000000000500.00 | 1000000000000500.00 |" classname="| 500.00 | 1000000000000000 | 1000000000000500.00 | 1000000000000500.00 |" time="0.001"/>
  <testcase name="Given Common user logged in for Savings Account" classname="| 4250.00 | 1000 | 500 | 4750.00 |" time="0"/>
  <testcase name="And Initial balance in Savings account is 4250.00" classname="| 4250.00 | 1000 | 500 | 4750.00 |" time="0"/>
  <testcase name="When Deposit money of 1000 dollars in SavingsAccount" classname="| 4250.00 | 1000 | 500 | 4750.00 |" time="0"/>
  <testcase name="And Withdraw money of 500 dollars from SavingsAccount" classname="| 4250.00 | 1000 | 500 | 4750.00 |" time="0"/>
  <testcase name="Then Check remaining amount 4750.00 dollars in SavingsAccount" classname="| 4250.00 | 1000 | 500 | 4750.00 |" time="0"/>
  <testcase name="| 4250.00 | 1000 | 500 | 4750.00 |" classname="| 4250.00 | 1000 | 500 | 4750.00 |" time="0.005"/>
  <testcase name="Given Common user logged in for Savings Account" classname="| 4750.00 | 1000000 | 0 | 1004750.00 |" time="0"/>
  <testcase name="And Initial balance in Savings account is 4750.00" classname="| 4750.00 | 1000000 | 0 | 1004750.00 |" time="0.001"/>
  <testcase name="When Deposit money of 1000000 dollars in SavingsAccount" classname="| 4750.00 | 1000000 | 0 | 1004750.00 |" time="0.001"/>
  <testcase name="And Withdraw money of 0 dollars from SavingsAccount" classname="| 4750.00 | 1000000 | 0 | 1004750.00 |" time="0"/>
  <testcase name="Then Check remaining amount 1004750.00 dollars in SavingsAccount" classname="| 4750.00 | 1000000 | 0 | 1004750.00 |" time="0"/>
  <testcase name="| 4750.00 | 1000000 | 0 | 1004750.00 |" classname="| 4750.00 | 1000000 | 0 | 1004750.00 |" time="0.002"/>
  <testcase name="Given Common user logged in for Savings Account" classname="| 1004750.00 | 1000 | 5000 | 1000750.00 |" time="0"/>
  <testcase name="And Initial balance in Savings account is 1004750.00" classname="| 1004750.00 | 1000 | 5000 | 1000750.00 |" time="0"/>
  <testcase name="When Deposit money of 1000 dollars in SavingsAccount" classname="| 1004750.00 | 1000 | 5000 | 1000750.00 |" time="0"/>
  <testcase name="And Withdraw money of 5000 dollars from SavingsAccount" classname="| 1004750.00 | 1000 | 5000 | 1000750.00 |" time="0"/>
  <testcase name="Then Check remaining amount 1000750.00 dollars in SavingsAccount" classname="| 1004750.00 | 1000 | 5000 | 1000750.00 |" time="0.01"/>
  <testcase name="| 1004750.00 | 1000 | 5000 | 1000750.00 |" classname="| 1004750.00 | 1000 | 5000 | 1000750.00 |" time="0.011"/>
  <testcase name="Given Common user logged in for Savings Account" classname="| 1000750.00 | 0 | 1000750.00 | 0.00 |" time="0.009"/>
  <testcase name="And Initial balance in Savings account is 1000750.00" classname="| 1000750.00 | 0 | 1000750.00 | 0.00 |" time="0.007"/>
  <testcase name="When Deposit money of 0 dollars in SavingsAccount" classname="| 1000750.00 | 0 | 1000750.00 | 0.00 |" time="0"/>
  <testcase name="And Withdraw money of 1000750.00 dollars from SavingsAccount" classname="| 1000750.00 | 0 | 1000750.00 | 0.00 |" time="0"/>
  <testcase name="Then Check remaining amount 0.00 dollars in SavingsAccount" classname="| 1000750.00 | 0 | 1000750.00 | 0.00 |" time="0.001"/>
  <testcase name="| 1000750.00 | 0 | 1000750.00 | 0.00 |" classname="| 1000750.00 | 0 | 1000750.00 | 0.00 |" time="0.002"/>
  <testcase name="Given Common user logged in for Savings Account" classname="| 0.00 | 500 | -500.00 |" time="0"/>
  <testcase name="And Initial balance in Savings account is 0.00" classname="| 0.00 | 500 | -500.00 |" time="0.015"/>
  <testcase name="And Withdraw money of 500 dollars from SavingsAccount" classname="| 0.00 | 500 | -500.00 |" time="0"/>
  <testcase name="Then Check remaining amount -500.00 dollars in SavingsAccount" classname="| 0.00 | 500 | -500.00 |" time="0"/>
  <testcase name="Given Common user logged in for Savings Account" classname="| -500.00 | 1000 | 500.00 | 0.00 |" time="0"/>
  <testcase name="And Initial balance in Savings account is -500.00" classname="| -500.00 | 1000 | 500.00 | 0.00 |" time="0.013"/>
  <testcase name="When Deposit money of 1000 dollars in SavingsAccount" classname="| -500.00 | 1000 | 500.00 | 0.00 |" time="0"/>
  <testcase name="Then Check remaining amount 500.00 dollars in SavingsAccount" classname="| -500.00 | 1000 | 500.00 | 0.00 |" time="0.013"/>
  <testcase name="And Check if transaction count of SavingsAccount is greater than 0" classname="| -500.00 | 1000 | 500.00 | 0.00 |" time="0"/>
  <testcase name="And Withdraw money of 0.00 dollars from SavingsAccount" classname="| -500.00 | 1000 | 500.00 | 0.00 |" time="0.004"/>
  <testcase name="Given Common user logged in for Savings Account" classname="| 500.00 | 1000000000000000 | 1000000000000500.00 | 1000000000000500.00 |" time="0"/>
  <testcase name="And Initial balance in Savings account is 500.00" classname="| 500.00 | 1000000000000000 | 1000000000000500.00 | 1000000000000500.00 |" time="0"/>
  <testcase name="When Deposit money of 1000000000000000 dollars in SavingsAccount" classname="| 500.00 | 1000000000000000 | 1000000000000500.00 | 1000000000000500.00 |" time="0"/>
  <testcase name="Then Check remaining amount 1000000000000500.00 dollars in SavingsAccount" classname="| 500.00 | 1000000000000000 | 1000000000000500.00 | 1000000000000500.00 |" time="0"/>
  <testcase name="And Check if transaction count of SavingsAccount is greater than 0" classname="| 500.00 | 1000000000000000 | 1000000000000500.00 | 1000000000000500.00 |" time="0"/>
  <testcase name="And Withdraw money of 1000000000000500.00 dollars from SavingsAccount" classname="| 500.00 | 1000000000000000 | 1000000000000500.00 | 1000000000000500.00 |" time="0.001"/>
  <testcase name="Given Common user logged in for account transfer" classname="| 0.00 | 0.00 | 1000 | 500 | 500.00 | 500.00 |" time="0"/>
  <testcase name="And Initial balance in Savings account is 0.00" classname="| 0.00 | 0.00 | 1000 | 500 | 500.00 | 500.00 |" time="0"/>
  <testcase name="And Initial balance in Checkings account is 0.00" classname="| 0.00 | 0.00 | 1000 | 500 | 500.00 | 500.00 |" time="0.001"/>
  <testcase name="When Deposit money of 1000 dollars in SavingsAccount" classname="| 0.00 | 0.00 | 1000 | 500 | 500.00 | 500.00 |" time="0.005"/>
  <testcase name="And Transfer money of 500 from Savings to Checkings account" classname="| 0.00 | 0.00 | 1000 | 500 | 500.00 | 500.00 |" time="0"/>
  <testcase name="Then Check remaining amount 500.00 dollars in SavingsAccount" classname="| 0.00 | 0.00 | 1000 | 500 | 500.00 | 500.00 |" time="0.001"/>
  <testcase name="And Check remaining amount 500.00 dollars in CheckingsAccount" classname="| 0.00 | 0.00 | 1000 | 500 | 500.00 | 500.00 |" time="0.001"/>
  <testcase name="| 0.00 | 0.00 | 1000 | 500 | 500.00 | 500.00 |" classname="| 0.00 | 0.00 | 1000 | 500 | 500.00 | 500.00 |" time="0.002"/>
  <testcase name="Given User registered with details Ravi, Kalla, 1111111111, ravi@ravi.com, ravi and ravi" classname="| Ravi | Kalla | 1111111111 | ravi@ravi.com | ravi | ravi |" time="0"/>
  <testcase name="When User logged in after registration with ravi and ravi" classname="| Ravi | Kalla | 1111111111 | ravi@ravi.com | ravi | ravi |" time="0"/>
  <testcase name="Then Check if user details Ravi, Kalla, 1111111111, ravi@ravi.com, ravi and ravi are properly stored in DB" classname="| Ravi | Kalla | 1111111111 | ravi@ravi.com | ravi | ravi |" time="0"/>
  <testcase name="| Ravi | Kalla | 1111111111 | ravi@ravi.com | ravi | ravi |" classname="| Ravi | Kalla | 1111111111 | ravi@ravi.com | ravi | ravi |" time="0.001"/>
  <testcase name="Given User registered with details Raj, Kumar, 2222222222, raj@raj.com, Raj and Raj" classname="| Raj | Kumar | 2222222222 | raj@raj.com | Raj | Raj |" time="0"/>
  <testcase name="When User logged in after registration with Raj and Raj" classname="| Raj | Kumar | 2222222222 | raj@raj.com | Raj | Raj |" time="0"/>
  <testcase name="Then Check if user details Raj, Kumar, 2222222222, raj@raj.com, Raj and Raj are properly stored in DB" classname="| Raj | Kumar | 2222222222 | raj@raj.com | Raj | Raj |" time="0.001"/>
  <testcase name="| Raj | Kumar | 2222222222 | raj@raj.com | Raj | Raj |" classname="| Raj | Kumar | 2222222222 | raj@raj.com | Raj | Raj |" time="0.002"/>
  <testcase name="Given User registered with details Matt, Damon, 3333333333, matt@matt.com, Matt and Matt" classname="| Matt | Damon | 3333333333 | matt@matt.com | Matt | Matt |" time="0"/>
  <testcase name="When User logged in after registration with Matt and Matt" classname="| Matt | Damon | 3333333333 | matt@matt.com | Matt | Matt |" time="0.001"/>
  <testcase name="Then Check if user details Matt, Damon, 3333333333, matt@matt.com, Matt and Matt are properly stored in DB" classname="| Matt | Damon | 3333333333 | matt@matt.com | Matt | Matt |" time="0"/>
  <testcase name="| Matt | Damon | 3333333333 | matt@matt.com | Matt | Matt |" classname="| Matt | Damon | 3333333333 | matt@matt.com | Matt | Matt |" time="0.002"/>
</testsuite>